<?xml version="1.0" encoding="UTF-8"?>
<testng-results ignored="0" total="7" passed="6" failed="0" skipped="1">
  <reporter-output>
  </reporter-output>
  <suite started-at="2022-08-27T03:11:25Z" name="Suite" finished-at="2022-08-27T03:13:33Z" duration-ms="127664">
    <groups>
    </groups>
    <test started-at="2022-08-27T03:11:25Z" name="Test" finished-at="2022-08-27T03:13:33Z" duration-ms="127664">
      <class name="NaveenAutomation.NaveenAutomation.LoginPageTest">
        <test-method is-config="true" signature="loggerSetUp()[pri:0, instance:NaveenAutomation.NaveenAutomation.LoginPageTest@58294867]" started-at="2022-08-27T03:11:27Z" name="loggerSetUp" finished-at="2022-08-27T03:11:27Z" duration-ms="296" status="PASS">
          <reporter-output>
          </reporter-output>
        </test-method> <!-- loggerSetUp -->
        <test-method is-config="true" signature="startBorwserSession()[pri:0, instance:NaveenAutomation.NaveenAutomation.LoginPageTest@58294867]" started-at="2022-08-27T03:11:27Z" name="startBorwserSession" finished-at="2022-08-27T03:11:43Z" duration-ms="15791" status="PASS">
          <reporter-output>
          </reporter-output>
        </test-method> <!-- startBorwserSession -->
        <test-method signature="pagetitleTest()[pri:1, instance:NaveenAutomation.NaveenAutomation.LoginPageTest@58294867]" started-at="2022-08-27T03:11:44Z" name="pagetitleTest" finished-at="2022-08-27T03:11:44Z" duration-ms="344" status="PASS">
          <reporter-output>
          </reporter-output>
        </test-method> <!-- pagetitleTest -->
        <test-method is-config="true" signature="quitBrowserSession()[pri:0, instance:NaveenAutomation.NaveenAutomation.LoginPageTest@58294867]" started-at="2022-08-27T03:11:44Z" name="quitBrowserSession" finished-at="2022-08-27T03:11:45Z" duration-ms="836" status="PASS">
          <reporter-output>
          </reporter-output>
        </test-method> <!-- quitBrowserSession -->
        <test-method is-config="true" signature="startBorwserSession()[pri:0, instance:NaveenAutomation.NaveenAutomation.LoginPageTest@58294867]" started-at="2022-08-27T03:13:07Z" name="startBorwserSession" finished-at="2022-08-27T03:13:16Z" duration-ms="9624" status="PASS">
          <reporter-output>
          </reporter-output>
        </test-method> <!-- startBorwserSession -->
        <test-method signature="loginAccountTest()[pri:2, instance:NaveenAutomation.NaveenAutomation.LoginPageTest@58294867]" started-at="2022-08-27T03:13:16Z" name="loginAccountTest" finished-at="2022-08-27T03:13:18Z" duration-ms="1601" status="PASS">
          <reporter-output>
          </reporter-output>
        </test-method> <!-- loginAccountTest -->
        <test-method is-config="true" signature="quitBrowserSession()[pri:0, instance:NaveenAutomation.NaveenAutomation.LoginPageTest@58294867]" started-at="2022-08-27T03:13:18Z" name="quitBrowserSession" finished-at="2022-08-27T03:13:18Z" duration-ms="659" status="PASS">
          <reporter-output>
          </reporter-output>
        </test-method> <!-- quitBrowserSession -->
      </class> <!-- NaveenAutomation.NaveenAutomation.LoginPageTest -->
      <class name="NaveenAutomation.NaveenAutomation.ProductInfoPageTest">
        <test-method is-config="true" signature="loggerSetUp()[pri:0, instance:NaveenAutomation.NaveenAutomation.ProductInfoPageTest@6fc3e1a4]" started-at="2022-08-27T03:11:55Z" name="loggerSetUp" finished-at="2022-08-27T03:11:55Z" duration-ms="5" status="PASS">
          <reporter-output>
          </reporter-output>
        </test-method> <!-- loggerSetUp -->
        <test-method is-config="true" signature="startBorwserSession()[pri:0, instance:NaveenAutomation.NaveenAutomation.ProductInfoPageTest@6fc3e1a4]" started-at="2022-08-27T03:11:55Z" name="startBorwserSession" finished-at="2022-08-27T03:12:08Z" duration-ms="13107" status="PASS">
          <reporter-output>
          </reporter-output>
        </test-method> <!-- startBorwserSession -->
        <test-method signature="selectedProductNameTest()[pri:1, instance:NaveenAutomation.NaveenAutomation.ProductInfoPageTest@6fc3e1a4]" started-at="2022-08-27T03:12:08Z" name="selectedProductNameTest" finished-at="2022-08-27T03:12:08Z" duration-ms="147" status="PASS">
          <reporter-output>
          </reporter-output>
        </test-method> <!-- selectedProductNameTest -->
        <test-method is-config="true" signature="quitBrowserSession()[pri:0, instance:NaveenAutomation.NaveenAutomation.ProductInfoPageTest@6fc3e1a4]" started-at="2022-08-27T03:12:09Z" name="quitBrowserSession" finished-at="2022-08-27T03:12:09Z" duration-ms="844" status="PASS">
          <reporter-output>
          </reporter-output>
        </test-method> <!-- quitBrowserSession -->
        <test-method is-config="true" signature="startBorwserSession()[pri:0, instance:NaveenAutomation.NaveenAutomation.ProductInfoPageTest@6fc3e1a4]" started-at="2022-08-27T03:13:18Z" name="startBorwserSession" finished-at="2022-08-27T03:13:31Z" duration-ms="12635" status="PASS">
          <reporter-output>
          </reporter-output>
        </test-method> <!-- startBorwserSession -->
        <test-method signature="shoppingCartPageTest()[pri:2, instance:NaveenAutomation.NaveenAutomation.ProductInfoPageTest@6fc3e1a4]" started-at="2022-08-27T03:13:31Z" name="shoppingCartPageTest" finished-at="2022-08-27T03:13:32Z" duration-ms="1314" status="PASS">
          <reporter-output>
          </reporter-output>
        </test-method> <!-- shoppingCartPageTest -->
        <test-method is-config="true" signature="quitBrowserSession()[pri:0, instance:NaveenAutomation.NaveenAutomation.ProductInfoPageTest@6fc3e1a4]" started-at="2022-08-27T03:13:32Z" name="quitBrowserSession" finished-at="2022-08-27T03:13:33Z" duration-ms="760" status="PASS">
          <reporter-output>
          </reporter-output>
        </test-method> <!-- quitBrowserSession -->
      </class> <!-- NaveenAutomation.NaveenAutomation.ProductInfoPageTest -->
      <class name="NaveenAutomation.NaveenAutomation.CheckOutPageTest">
        <test-method is-config="true" signature="loggerSetUp()[pri:0, instance:NaveenAutomation.NaveenAutomation.CheckOutPageTest@3fa76c61]" started-at="2022-08-27T03:12:09Z" name="loggerSetUp" finished-at="2022-08-27T03:12:09Z" duration-ms="9" status="PASS">
          <reporter-output>
          </reporter-output>
        </test-method> <!-- loggerSetUp -->
        <test-method is-config="true" signature="startBrowserSession()[pri:0, instance:NaveenAutomation.NaveenAutomation.CheckOutPageTest@3fa76c61]" started-at="2022-08-27T03:12:09Z" name="startBrowserSession" finished-at="2022-08-27T03:12:26Z" duration-ms="16652" status="PASS">
          <reporter-output>
          </reporter-output>
        </test-method> <!-- startBrowserSession -->
        <test-method signature="orderPlacedTest()[pri:1, instance:NaveenAutomation.NaveenAutomation.CheckOutPageTest@3fa76c61]" started-at="2022-08-27T03:12:26Z" name="orderPlacedTest" finished-at="2022-08-27T03:12:32Z" duration-ms="5859" status="PASS">
          <reporter-output>
          </reporter-output>
        </test-method> <!-- orderPlacedTest -->
        <test-method is-config="true" signature="quitBrowserSession()[pri:0, instance:NaveenAutomation.NaveenAutomation.CheckOutPageTest@3fa76c61]" started-at="2022-08-27T03:12:32Z" name="quitBrowserSession" finished-at="2022-08-27T03:12:33Z" duration-ms="597" status="PASS">
          <reporter-output>
          </reporter-output>
        </test-method> <!-- quitBrowserSession -->
      </class> <!-- NaveenAutomation.NaveenAutomation.CheckOutPageTest -->
      <class name="NaveenAutomation.NaveenAutomation.OrderHistoryTest">
        <test-method is-config="true" signature="loggerSetUp()[pri:0, instance:NaveenAutomation.NaveenAutomation.OrderHistoryTest@2d5f7182]" started-at="2022-08-27T03:12:33Z" name="loggerSetUp" finished-at="2022-08-27T03:12:33Z" duration-ms="5" status="PASS">
          <reporter-output>
          </reporter-output>
        </test-method> <!-- loggerSetUp -->
        <test-method is-config="true" signature="startBrowserSession()[pri:0, instance:NaveenAutomation.NaveenAutomation.OrderHistoryTest@2d5f7182]" started-at="2022-08-27T03:12:33Z" name="startBrowserSession" finished-at="2022-08-27T03:13:06Z" duration-ms="33786" status="FAIL">
          <exception class="org.openqa.selenium.NoSuchElementException">
            <message>
              <![CDATA[no such element: Unable to locate element: {"method":"css selector","selector":"#button-confirm"}
  (Session info: chrome=104.0.5112.102)
For documentation on this error, please visit: https://www.seleniumhq.org/exceptions/no_such_element.html
Build info: version: '3.141.59', revision: 'e82be7d358', time: '2018-11-14T08:17:03'
System info: host: 'DESKTOP-QK9M2DL', ip: '10.0.0.116', os.name: 'Windows 10', os.arch: 'amd64', os.version: '10.0', java.version: '17'
Driver info: org.openqa.selenium.chrome.ChromeDriver
Capabilities {acceptInsecureCerts: false, browserName: chrome, browserVersion: 104.0.5112.102, chrome: {chromedriverVersion: 104.0.5112.79 (3cf3e8c8a07d..., userDataDir: C:\Users\eramr\AppData\Loca...}, goog:chromeOptions: {debuggerAddress: localhost:60408}, javascriptEnabled: true, networkConnectionEnabled: false, pageLoadStrategy: normal, platform: WINDOWS, platformName: WINDOWS, proxy: Proxy(), setWindowRect: true, strictFileInteractability: false, timeouts: {implicit: 0, pageLoad: 300000, script: 30000}, unhandledPromptBehavior: dismiss and notify, webauthn:extension:credBlob: true, webauthn:extension:largeBlob: true, webauthn:virtualAuthenticators: true}
Session ID: 4a1f9d602cabfe99676ee02ef07f4d62
*** Element info: {Using=css selector, value=#button-confirm}]]>
            </message>
            <full-stacktrace>
              <![CDATA[org.openqa.selenium.NoSuchElementException: no such element: Unable to locate element: {"method":"css selector","selector":"#button-confirm"}
  (Session info: chrome=104.0.5112.102)
For documentation on this error, please visit: https://www.seleniumhq.org/exceptions/no_such_element.html
Build info: version: '3.141.59', revision: 'e82be7d358', time: '2018-11-14T08:17:03'
System info: host: 'DESKTOP-QK9M2DL', ip: '10.0.0.116', os.name: 'Windows 10', os.arch: 'amd64', os.version: '10.0', java.version: '17'
Driver info: org.openqa.selenium.chrome.ChromeDriver
Capabilities {acceptInsecureCerts: false, browserName: chrome, browserVersion: 104.0.5112.102, chrome: {chromedriverVersion: 104.0.5112.79 (3cf3e8c8a07d..., userDataDir: C:\Users\eramr\AppData\Loca...}, goog:chromeOptions: {debuggerAddress: localhost:60408}, javascriptEnabled: true, networkConnectionEnabled: false, pageLoadStrategy: normal, platform: WINDOWS, platformName: WINDOWS, proxy: Proxy(), setWindowRect: true, strictFileInteractability: false, timeouts: {implicit: 0, pageLoad: 300000, script: 30000}, unhandledPromptBehavior: dismiss and notify, webauthn:extension:credBlob: true, webauthn:extension:largeBlob: true, webauthn:virtualAuthenticators: true}
Session ID: 4a1f9d602cabfe99676ee02ef07f4d62
*** Element info: {Using=css selector, value=#button-confirm}
at java.base/jdk.internal.reflect.NativeConstructorAccessorImpl.newInstance0(Native Method)
at java.base/jdk.internal.reflect.NativeConstructorAccessorImpl.newInstance(NativeConstructorAccessorImpl.java:77)
at java.base/jdk.internal.reflect.DelegatingConstructorAccessorImpl.newInstance(DelegatingConstructorAccessorImpl.java:45)
at java.base/java.lang.reflect.Constructor.newInstanceWithCaller(Constructor.java:499)
at java.base/java.lang.reflect.Constructor.newInstance(Constructor.java:480)
at org.openqa.selenium.remote.http.W3CHttpResponseCodec.createException(W3CHttpResponseCodec.java:187)
at org.openqa.selenium.remote.http.W3CHttpResponseCodec.decode(W3CHttpResponseCodec.java:122)
at org.openqa.selenium.remote.http.W3CHttpResponseCodec.decode(W3CHttpResponseCodec.java:49)
at org.openqa.selenium.remote.HttpCommandExecutor.execute(HttpCommandExecutor.java:158)
at org.openqa.selenium.remote.service.DriverCommandExecutor.execute(DriverCommandExecutor.java:83)
at org.openqa.selenium.remote.RemoteWebDriver.execute(RemoteWebDriver.java:552)
at org.openqa.selenium.remote.RemoteWebDriver.findElement(RemoteWebDriver.java:323)
at org.openqa.selenium.remote.RemoteWebDriver.findElementByCssSelector(RemoteWebDriver.java:420)
at org.openqa.selenium.By$ByCssSelector.findElement(By.java:431)
at org.openqa.selenium.remote.RemoteWebDriver.findElement(RemoteWebDriver.java:315)
at jdk.internal.reflect.GeneratedMethodAccessor10.invoke(Unknown Source)
at java.base/jdk.internal.reflect.DelegatingMethodAccessorImpl.invoke(DelegatingMethodAccessorImpl.java:43)
at java.base/java.lang.reflect.Method.invoke(Method.java:568)
at org.openqa.selenium.support.events.EventFiringWebDriver.lambda$new$1(EventFiringWebDriver.java:105)
at jdk.proxy2/jdk.proxy2.$Proxy14.findElement(Unknown Source)
at org.openqa.selenium.support.events.EventFiringWebDriver.findElement(EventFiringWebDriver.java:194)
at org.openqa.selenium.support.pagefactory.DefaultElementLocator.findElement(DefaultElementLocator.java:69)
at org.openqa.selenium.support.pagefactory.internal.LocatingElementHandler.invoke(LocatingElementHandler.java:38)
at jdk.proxy2/jdk.proxy2.$Proxy18.click(Unknown Source)
at com.qa.naveenautomationopencart.pages.CheckOutPage.confirmOrder(CheckOutPage.java:63)
at NaveenAutomation.NaveenAutomation.OrderHistoryTest.startBrowserSession(OrderHistoryTest.java:45)
at java.base/jdk.internal.reflect.NativeMethodAccessorImpl.invoke0(Native Method)
at java.base/jdk.internal.reflect.NativeMethodAccessorImpl.invoke(NativeMethodAccessorImpl.java:77)
at java.base/jdk.internal.reflect.DelegatingMethodAccessorImpl.invoke(DelegatingMethodAccessorImpl.java:43)
at java.base/java.lang.reflect.Method.invoke(Method.java:568)
at org.testng.internal.MethodInvocationHelper.invokeMethod(MethodInvocationHelper.java:124)
at org.testng.internal.MethodInvocationHelper.invokeMethodConsideringTimeout(MethodInvocationHelper.java:59)
at org.testng.internal.Invoker.invokeConfigurationMethod(Invoker.java:458)
at org.testng.internal.Invoker.invokeConfigurations(Invoker.java:222)
at org.testng.internal.Invoker.invokeMethod(Invoker.java:523)
at org.testng.internal.Invoker.invokeTestMethod(Invoker.java:719)
at org.testng.internal.Invoker.invokeTestMethods(Invoker.java:989)
at org.testng.internal.TestMethodWorker.invokeTestMethods(TestMethodWorker.java:125)
at org.testng.internal.TestMethodWorker.run(TestMethodWorker.java:109)
at org.testng.TestRunner.privateRun(TestRunner.java:648)
at org.testng.TestRunner.run(TestRunner.java:505)
at org.testng.SuiteRunner.runTest(SuiteRunner.java:455)
at org.testng.SuiteRunner.runSequentially(SuiteRunner.java:450)
at org.testng.SuiteRunner.privateRun(SuiteRunner.java:415)
at org.testng.SuiteRunner.run(SuiteRunner.java:364)
at org.testng.SuiteRunnerWorker.runSuite(SuiteRunnerWorker.java:52)
at org.testng.SuiteRunnerWorker.run(SuiteRunnerWorker.java:84)
at org.testng.TestNG.runSuitesSequentially(TestNG.java:1208)
at org.testng.TestNG.runSuitesLocally(TestNG.java:1137)
at org.testng.TestNG.runSuites(TestNG.java:1049)
at org.testng.TestNG.run(TestNG.java:1017)
at org.testng.remote.AbstractRemoteTestNG.run(AbstractRemoteTestNG.java:115)
at org.testng.remote.RemoteTestNG.initAndRun(RemoteTestNG.java:251)
at org.testng.remote.RemoteTestNG.main(RemoteTestNG.java:77)
]]>
            </full-stacktrace>
          </exception> <!-- org.openqa.selenium.NoSuchElementException -->
          <reporter-output>
          </reporter-output>
        </test-method> <!-- startBrowserSession -->
        <test-method signature="orderPlacedTest()[pri:1, instance:NaveenAutomation.NaveenAutomation.OrderHistoryTest@2d5f7182]" started-at="2022-08-27T03:13:06Z" name="orderPlacedTest" finished-at="2022-08-27T03:13:06Z" duration-ms="0" status="SKIP">
          <exception class="org.openqa.selenium.NoSuchElementException">
            <message>
              <![CDATA[no such element: Unable to locate element: {"method":"css selector","selector":"#button-confirm"}
  (Session info: chrome=104.0.5112.102)
For documentation on this error, please visit: https://www.seleniumhq.org/exceptions/no_such_element.html
Build info: version: '3.141.59', revision: 'e82be7d358', time: '2018-11-14T08:17:03'
System info: host: 'DESKTOP-QK9M2DL', ip: '10.0.0.116', os.name: 'Windows 10', os.arch: 'amd64', os.version: '10.0', java.version: '17'
Driver info: org.openqa.selenium.chrome.ChromeDriver
Capabilities {acceptInsecureCerts: false, browserName: chrome, browserVersion: 104.0.5112.102, chrome: {chromedriverVersion: 104.0.5112.79 (3cf3e8c8a07d..., userDataDir: C:\Users\eramr\AppData\Loca...}, goog:chromeOptions: {debuggerAddress: localhost:60408}, javascriptEnabled: true, networkConnectionEnabled: false, pageLoadStrategy: normal, platform: WINDOWS, platformName: WINDOWS, proxy: Proxy(), setWindowRect: true, strictFileInteractability: false, timeouts: {implicit: 0, pageLoad: 300000, script: 30000}, unhandledPromptBehavior: dismiss and notify, webauthn:extension:credBlob: true, webauthn:extension:largeBlob: true, webauthn:virtualAuthenticators: true}
Session ID: 4a1f9d602cabfe99676ee02ef07f4d62
*** Element info: {Using=css selector, value=#button-confirm}]]>
            </message>
            <full-stacktrace>
              <![CDATA[org.openqa.selenium.NoSuchElementException: no such element: Unable to locate element: {"method":"css selector","selector":"#button-confirm"}
  (Session info: chrome=104.0.5112.102)
For documentation on this error, please visit: https://www.seleniumhq.org/exceptions/no_such_element.html
Build info: version: '3.141.59', revision: 'e82be7d358', time: '2018-11-14T08:17:03'
System info: host: 'DESKTOP-QK9M2DL', ip: '10.0.0.116', os.name: 'Windows 10', os.arch: 'amd64', os.version: '10.0', java.version: '17'
Driver info: org.openqa.selenium.chrome.ChromeDriver
Capabilities {acceptInsecureCerts: false, browserName: chrome, browserVersion: 104.0.5112.102, chrome: {chromedriverVersion: 104.0.5112.79 (3cf3e8c8a07d..., userDataDir: C:\Users\eramr\AppData\Loca...}, goog:chromeOptions: {debuggerAddress: localhost:60408}, javascriptEnabled: true, networkConnectionEnabled: false, pageLoadStrategy: normal, platform: WINDOWS, platformName: WINDOWS, proxy: Proxy(), setWindowRect: true, strictFileInteractability: false, timeouts: {implicit: 0, pageLoad: 300000, script: 30000}, unhandledPromptBehavior: dismiss and notify, webauthn:extension:credBlob: true, webauthn:extension:largeBlob: true, webauthn:virtualAuthenticators: true}
Session ID: 4a1f9d602cabfe99676ee02ef07f4d62
*** Element info: {Using=css selector, value=#button-confirm}
at java.base/jdk.internal.reflect.NativeConstructorAccessorImpl.newInstance0(Native Method)
at java.base/jdk.internal.reflect.NativeConstructorAccessorImpl.newInstance(NativeConstructorAccessorImpl.java:77)
at java.base/jdk.internal.reflect.DelegatingConstructorAccessorImpl.newInstance(DelegatingConstructorAccessorImpl.java:45)
at java.base/java.lang.reflect.Constructor.newInstanceWithCaller(Constructor.java:499)
at java.base/java.lang.reflect.Constructor.newInstance(Constructor.java:480)
at org.openqa.selenium.remote.http.W3CHttpResponseCodec.createException(W3CHttpResponseCodec.java:187)
at org.openqa.selenium.remote.http.W3CHttpResponseCodec.decode(W3CHttpResponseCodec.java:122)
at org.openqa.selenium.remote.http.W3CHttpResponseCodec.decode(W3CHttpResponseCodec.java:49)
at org.openqa.selenium.remote.HttpCommandExecutor.execute(HttpCommandExecutor.java:158)
at org.openqa.selenium.remote.service.DriverCommandExecutor.execute(DriverCommandExecutor.java:83)
at org.openqa.selenium.remote.RemoteWebDriver.execute(RemoteWebDriver.java:552)
at org.openqa.selenium.remote.RemoteWebDriver.findElement(RemoteWebDriver.java:323)
at org.openqa.selenium.remote.RemoteWebDriver.findElementByCssSelector(RemoteWebDriver.java:420)
at org.openqa.selenium.By$ByCssSelector.findElement(By.java:431)
at org.openqa.selenium.remote.RemoteWebDriver.findElement(RemoteWebDriver.java:315)
at jdk.internal.reflect.GeneratedMethodAccessor10.invoke(Unknown Source)
at java.base/jdk.internal.reflect.DelegatingMethodAccessorImpl.invoke(DelegatingMethodAccessorImpl.java:43)
at java.base/java.lang.reflect.Method.invoke(Method.java:568)
at org.openqa.selenium.support.events.EventFiringWebDriver.lambda$new$1(EventFiringWebDriver.java:105)
at jdk.proxy2/jdk.proxy2.$Proxy14.findElement(Unknown Source)
at org.openqa.selenium.support.events.EventFiringWebDriver.findElement(EventFiringWebDriver.java:194)
at org.openqa.selenium.support.pagefactory.DefaultElementLocator.findElement(DefaultElementLocator.java:69)
at org.openqa.selenium.support.pagefactory.internal.LocatingElementHandler.invoke(LocatingElementHandler.java:38)
at jdk.proxy2/jdk.proxy2.$Proxy18.click(Unknown Source)
at com.qa.naveenautomationopencart.pages.CheckOutPage.confirmOrder(CheckOutPage.java:63)
at NaveenAutomation.NaveenAutomation.OrderHistoryTest.startBrowserSession(OrderHistoryTest.java:45)
at java.base/jdk.internal.reflect.NativeMethodAccessorImpl.invoke0(Native Method)
at java.base/jdk.internal.reflect.NativeMethodAccessorImpl.invoke(NativeMethodAccessorImpl.java:77)
at java.base/jdk.internal.reflect.DelegatingMethodAccessorImpl.invoke(DelegatingMethodAccessorImpl.java:43)
at java.base/java.lang.reflect.Method.invoke(Method.java:568)
at org.testng.internal.MethodInvocationHelper.invokeMethod(MethodInvocationHelper.java:124)
at org.testng.internal.MethodInvocationHelper.invokeMethodConsideringTimeout(MethodInvocationHelper.java:59)
at org.testng.internal.Invoker.invokeConfigurationMethod(Invoker.java:458)
at org.testng.internal.Invoker.invokeConfigurations(Invoker.java:222)
at org.testng.internal.Invoker.invokeMethod(Invoker.java:523)
at org.testng.internal.Invoker.invokeTestMethod(Invoker.java:719)
at org.testng.internal.Invoker.invokeTestMethods(Invoker.java:989)
at org.testng.internal.TestMethodWorker.invokeTestMethods(TestMethodWorker.java:125)
at org.testng.internal.TestMethodWorker.run(TestMethodWorker.java:109)
at org.testng.TestRunner.privateRun(TestRunner.java:648)
at org.testng.TestRunner.run(TestRunner.java:505)
at org.testng.SuiteRunner.runTest(SuiteRunner.java:455)
at org.testng.SuiteRunner.runSequentially(SuiteRunner.java:450)
at org.testng.SuiteRunner.privateRun(SuiteRunner.java:415)
at org.testng.SuiteRunner.run(SuiteRunner.java:364)
at org.testng.SuiteRunnerWorker.runSuite(SuiteRunnerWorker.java:52)
at org.testng.SuiteRunnerWorker.run(SuiteRunnerWorker.java:84)
at org.testng.TestNG.runSuitesSequentially(TestNG.java:1208)
at org.testng.TestNG.runSuitesLocally(TestNG.java:1137)
at org.testng.TestNG.runSuites(TestNG.java:1049)
at org.testng.TestNG.run(TestNG.java:1017)
at org.testng.remote.AbstractRemoteTestNG.run(AbstractRemoteTestNG.java:115)
at org.testng.remote.RemoteTestNG.initAndRun(RemoteTestNG.java:251)
at org.testng.remote.RemoteTestNG.main(RemoteTestNG.java:77)
]]>
            </full-stacktrace>
          </exception> <!-- org.openqa.selenium.NoSuchElementException -->
          <reporter-output>
          </reporter-output>
        </test-method> <!-- orderPlacedTest -->
        <test-method is-config="true" signature="quitBrowserSession()[pri:0, instance:NaveenAutomation.NaveenAutomation.OrderHistoryTest@2d5f7182]" started-at="2022-08-27T03:13:07Z" name="quitBrowserSession" finished-at="2022-08-27T03:13:07Z" duration-ms="0" status="SKIP">
          <reporter-output>
          </reporter-output>
        </test-method> <!-- quitBrowserSession -->
      </class> <!-- NaveenAutomation.NaveenAutomation.OrderHistoryTest -->
      <class name="NaveenAutomation.NaveenAutomation.AccountPageTest">
        <test-method is-config="true" signature="loggerSetUp()[pri:0, instance:NaveenAutomation.NaveenAutomation.AccountPageTest@67c277a0]" started-at="2022-08-27T03:11:45Z" name="loggerSetUp" finished-at="2022-08-27T03:11:45Z" duration-ms="4" status="PASS">
          <reporter-output>
          </reporter-output>
        </test-method> <!-- loggerSetUp -->
        <test-method is-config="true" signature="startBorwserSession()[pri:0, instance:NaveenAutomation.NaveenAutomation.AccountPageTest@67c277a0]" started-at="2022-08-27T03:11:45Z" name="startBorwserSession" finished-at="2022-08-27T03:11:54Z" duration-ms="9014" status="PASS">
          <reporter-output>
          </reporter-output>
        </test-method> <!-- startBorwserSession -->
        <test-method signature="accountPageHeaderTest()[pri:1, instance:NaveenAutomation.NaveenAutomation.AccountPageTest@67c277a0]" started-at="2022-08-27T03:11:54Z" name="accountPageHeaderTest" finished-at="2022-08-27T03:11:54Z" duration-ms="148" status="PASS">
          <reporter-output>
          </reporter-output>
        </test-method> <!-- accountPageHeaderTest -->
        <test-method is-config="true" signature="quitBrowserSession()[pri:0, instance:NaveenAutomation.NaveenAutomation.AccountPageTest@67c277a0]" started-at="2022-08-27T03:11:54Z" name="quitBrowserSession" finished-at="2022-08-27T03:11:55Z" duration-ms="800" status="PASS">
          <reporter-output>
          </reporter-output>
        </test-method> <!-- quitBrowserSession -->
      </class> <!-- NaveenAutomation.NaveenAutomation.AccountPageTest -->
    </test> <!-- Test -->
  </suite> <!-- Suite -->
</testng-results>
